<?xml version="1.0" encoding="UTF-8"?>
<testsuite name="petstore.Pet" tests="1" skipped="0" failures="0" errors="0" timestamp="2023-03-02T01:06:50" hostname="DELL-BRUNA" time="2.995">
  <properties/>
  <testcase name="incluirPet" classname="petstore.Pet" time="2.995"/>
  <system-out><![CDATA[Request method:	POST
Request URI:	https://petstore.swagger.io/v2/pet
Proxy:			<none>
Request params:	<none>
Query params:	<none>
Form params:	<none>
Path params:	<none>
Headers:		Accept=*/*
				Content-Type=application/json
Cookies:		<none>
Multiparts:		<none>
Body:
{
    "id": 0,
    "category": {
        "id": 1,
        "name": "Cachorro"
    },
    "name": "Mindy",
    "photoUrls": [
        "string"
    ],
    "tags": [
        {
            "id": 2023,
            "name": "sta"
        }
    ],
    "status": "available"
}
HTTP/1.1 200 OK
Date: Thu, 02 Mar 2023 01:06:25 GMT
Content-Type: application/json
Transfer-Encoding: chunked
Connection: keep-alive
Access-Control-Allow-Origin: *
Access-Control-Allow-Methods: GET, POST, DELETE, PUT
Access-Control-Allow-Headers: Content-Type, api_key, Authorization
Server: Jetty(9.2.9.v20150224)

{
    "id": 9222968140497180439,
    "category": {
        "id": 1,
        "name": "Cachorro"
    },
    "name": "Mindy",
    "photoUrls": [
        "string"
    ],
    "tags": [
        {
            "id": 2023,
            "name": "sta"
        }
    ],
    "status": "available"
}
]]></system-out>
  <system-err><![CDATA[]]></system-err>
</testsuite>
